SF:lib\data\datasources\auth\auth_datasource_impl.dart
DA:8,1
DA:10,1
DA:17,2
DA:21,1
DA:22,1
DA:24,2
DA:26,1
DA:27,2
DA:33,1
DA:34,2
DA:36,2
DA:40,1
DA:42,4
DA:46,0
DA:47,0
DA:48,0
DA:49,0
DA:54,1
DA:56,2
DA:59,1
DA:62,1
DA:63,1
DA:64,1
DA:65,1
DA:71,1
DA:77,2
DA:82,1
DA:83,1
DA:87,1
DA:88,2
DA:90,2
DA:94,1
DA:97,2
DA:100,1
DA:101,2
DA:103,2
LF:36
LH:32
end_of_record
SF:lib\data\models\user_model.dart
DA:4,6
DA:8,3
DA:14,1
DA:15,1
DA:16,1
DA:17,1
DA:18,1
DA:22,2
DA:23,2
DA:24,2
DA:25,2
DA:26,2
DA:30,2
DA:31,2
DA:32,2
DA:33,2
DA:34,2
LF:17
LH:17
end_of_record
SF:lib\utils\failure.dart
DA:4,11
LF:1
LH:1
end_of_record
SF:lib\domain\entities\user_entity.dart
DA:8,15
DA:14,4
DA:15,4
DA:16,4
DA:17,4
DA:18,4
LF:6
LH:6
end_of_record
SF:lib\data\datasources\user\user_datasoure_impl.dart
DA:8,1
DA:9,1
DA:12,2
DA:15,4
DA:19,2
DA:23,1
DA:26,2
DA:29,2
DA:31,6
DA:34,2
LF:10
LH:10
end_of_record
SF:lib\data\repositories\user_repository_impl.dart
DA:10,1
DA:15,1
DA:21,2
DA:27,1
DA:30,2
DA:33,1
DA:39,1
DA:41,2
DA:44,1
DA:46,2
DA:49,1
DA:54,2
DA:60,1
DA:62,2
DA:65,1
DA:67,2
LF:16
LH:16
end_of_record
SF:lib\domain\usecases\get_current_user.dart
DA:8,1
DA:10,1
DA:11,2
LF:3
LH:3
end_of_record
SF:lib\domain\usecases\get_state_auth.dart
DA:8,1
DA:10,1
DA:11,2
LF:3
LH:3
end_of_record
SF:lib\domain\usecases\get_users.dart
DA:9,1
DA:11,1
DA:12,2
LF:3
LH:3
end_of_record
SF:lib\domain\usecases\register_user.dart
DA:9,1
DA:11,1
DA:16,1
DA:17,1
DA:19,2
DA:20,1
DA:22,3
DA:25,1
DA:29,2
LF:9
LH:9
end_of_record
SF:lib\domain\usecases\sign_in.dart
DA:7,1
DA:9,1
DA:13,2
LF:3
LH:3
end_of_record
SF:lib\domain\usecases\sign_out.dart
DA:7,1
DA:9,1
DA:10,2
LF:3
LH:3
end_of_record
SF:lib\ui\components\main_button.dart
DA:8,4
DA:16,4
DA:17,4
DA:21,4
DA:23,4
DA:24,4
DA:25,4
DA:26,16
DA:27,4
DA:34,4
DA:35,12
DA:36,4
DA:38,4
DA:39,4
DA:40,8
DA:48,4
DA:49,8
LF:17
LH:17
end_of_record
SF:lib\ui\components\main_alert.dart
DA:12,4
DA:20,3
DA:22,3
DA:28,9
DA:31,3
DA:32,3
DA:33,3
DA:35,3
DA:39,0
DA:40,0
DA:49,3
DA:51,3
DA:52,3
DA:53,9
DA:55,3
DA:58,3
DA:59,3
DA:62,3
DA:63,3
DA:64,0
DA:65,0
DA:72,3
DA:73,3
DA:74,3
DA:75,3
DA:77,3
DA:79,3
DA:82,3
DA:83,3
DA:85,3
DA:90,3
DA:93,3
DA:95,6
DA:96,3
DA:98,3
DA:99,6
DA:100,3
DA:102,3
DA:103,3
DA:104,0
DA:115,3
DA:116,3
DA:117,3
DA:118,6
DA:123,12
DA:124,3
DA:125,6
DA:126,3
DA:128,3
DA:129,3
DA:130,6
LF:51
LH:46
end_of_record
SF:lib\ui\pages\home\home_bloc.dart
DA:8,2
DA:10,1
DA:11,1
DA:12,2
DA:14,3
DA:17,2
LF:6
LH:6
end_of_record
SF:lib\utils\base_state.dart
DA:6,19
DA:8,3
DA:9,3
DA:15,8
DA:17,4
DA:18,8
DA:25,10
DA:27,4
DA:28,12
DA:34,13
DA:36,0
DA:37,0
LF:12
LH:10
end_of_record
SF:lib\ui\pages\login\login_bloc.dart
DA:10,1
DA:13,1
DA:15,1
DA:19,1
DA:21,2
DA:26,3
DA:30,2
DA:33,1
DA:34,1
DA:36,2
DA:38,3
DA:42,2
LF:12
LH:12
end_of_record
SF:lib\ui\components\main_error_try_again.dart
DA:10,1
DA:17,1
DA:19,1
DA:21,1
DA:22,1
DA:24,1
DA:27,1
DA:35,1
DA:36,1
DA:38,2
DA:41,1
DA:42,1
DA:45,2
DA:48,1
DA:49,1
DA:50,1
LF:16
LH:16
end_of_record
SF:lib\ui\pages\home\home_page.dart
DA:12,1
DA:14,1
DA:15,1
DA:22,1
DA:24,2
DA:25,1
DA:28,1
DA:30,1
DA:31,1
DA:32,1
DA:33,1
DA:34,1
DA:36,1
DA:37,1
DA:40,1
DA:41,1
DA:42,0
DA:43,0
DA:45,1
DA:47,1
DA:52,1
DA:53,1
DA:54,1
DA:55,1
DA:56,1
DA:57,1
DA:58,0
DA:59,0
DA:61,1
DA:62,1
DA:63,1
DA:64,1
DA:65,1
DA:66,1
DA:67,1
DA:68,1
DA:69,1
DA:70,2
DA:76,2
DA:77,2
DA:83,1
DA:84,3
DA:86,1
DA:87,1
DA:88,1
DA:89,1
LF:46
LH:42
end_of_record
SF:lib\ui\components\main_input.dart
DA:15,3
DA:27,3
DA:28,3
DA:34,3
DA:36,12
DA:37,3
DA:40,3
DA:42,3
DA:43,3
DA:44,3
DA:45,3
DA:46,3
DA:47,6
DA:48,3
DA:50,3
DA:51,3
DA:52,3
DA:77,3
DA:78,15
DA:79,6
DA:80,3
DA:81,6
DA:82,3
DA:83,0
DA:84,3
DA:86,3
DA:91,6
DA:92,6
DA:93,6
LF:29
LH:28
end_of_record
SF:lib\utils\state_bloc.dart
DA:4,6
DA:6,3
DA:7,3
LF:3
LH:3
end_of_record
SF:lib\ui\pages\register\register_bloc.dart
DA:7,2
DA:9,1
DA:14,1
DA:15,2
DA:21,3
DA:24,2
LF:6
LH:6
end_of_record
SF:lib\ui\pages\login\login_page.dart
DA:14,1
DA:16,1
DA:18,1
DA:19,1
DA:20,1
DA:21,1
DA:22,2
DA:24,1
DA:25,1
DA:26,1
DA:27,1
DA:29,1
DA:31,1
DA:32,3
DA:33,1
DA:36,1
DA:37,2
DA:47,1
DA:49,1
DA:51,1
DA:52,2
DA:53,1
DA:56,1
DA:57,2
DA:67,1
DA:68,1
DA:70,1
DA:72,1
DA:77,1
DA:82,1
DA:84,1
DA:86,1
DA:88,1
DA:90,1
DA:91,1
DA:93,2
DA:95,1
DA:102,1
DA:103,1
DA:109,1
DA:117,1
DA:118,1
DA:125,1
DA:127,1
DA:128,1
DA:129,1
DA:132,1
DA:137,1
DA:138,1
DA:140,1
DA:141,1
DA:142,2
DA:143,0
DA:144,0
DA:145,0
DA:146,0
DA:158,1
DA:159,1
DA:161,2
DA:162,1
DA:163,1
DA:165,1
DA:166,1
DA:167,0
DA:172,3
DA:173,1
LF:66
LH:61
end_of_record
SF:lib\ui\pages\register\register_page.dart
DA:13,1
DA:15,1
DA:17,1
DA:18,1
DA:19,1
DA:20,1
DA:21,1
DA:22,2
DA:24,1
DA:25,1
DA:26,1
DA:27,1
DA:29,1
DA:31,1
DA:32,2
DA:33,1
DA:36,1
DA:37,2
DA:48,1
DA:50,1
DA:52,1
DA:53,3
DA:54,1
DA:57,1
DA:58,2
DA:69,1
DA:70,1
DA:72,1
DA:74,1
DA:79,1
DA:84,1
DA:86,1
DA:88,1
DA:90,1
DA:92,1
DA:93,1
DA:95,2
DA:97,1
DA:105,0
DA:106,0
DA:112,1
DA:119,0
DA:120,0
DA:126,1
DA:134,0
DA:135,0
DA:142,1
DA:144,1
DA:145,1
DA:146,1
DA:149,1
DA:153,1
DA:154,1
DA:157,1
DA:158,1
DA:160,1
DA:161,0
DA:162,0
DA:163,0
DA:164,0
DA:165,0
DA:166,0
DA:167,0
DA:179,1
DA:180,1
DA:182,2
DA:183,1
DA:184,1
DA:186,1
DA:187,1
DA:188,0
DA:190,3
DA:191,1
LF:73
LH:59
end_of_record
